2017-11-14 11:44:16 +0000  Initial pipeline context: <IDEDistributionProcessingPipelineContext: 0x7fd181d16d80; archive(resolved)='<IDEArchive: 0x7fd18204cfb0>', distributionTask(resolved)='2', distributionMethod(resolved)='<IDEDistributionMethodiOSAppStoreExport: 0x7fd17e773e60>', team(resolved)='<IDEProvisioningBasicTeam 0x7fd17e48e930: teamID: 6AHQ7PSJXF, teamName: JCR Labz>'>
	Chain (11, self inclusive):
	<IDEDistributionProcessingPipelineContext: 0x7fd181d16d80; archive = '<IDEArchive: 0x7fd18204cfb0>', distributionMethod='<IDEDistributionMethodiOSAppStoreExport: 0x7fd17e773e60>', team='<IDEProvisioningBasicTeam 0x7fd17e48e930: teamID: 6AHQ7PSJXF, teamName: JCR Labz>'>
	<IDEDistributionProcessingPipelineContext: 0x7fd182c4e8a0; archive = '<IDEArchive: 0x7fd18204cfb0>', distributionMethod='<IDEDistributionMethodiOSAppStoreExport: 0x7fd17e773e60>', team='<IDEProvisioningBasicTeam 0x7fd17e48e930: teamID: 6AHQ7PSJXF, teamName: JCR Labz>'>
	<IDEDistributionContext: 0x7fd1814512e0; archive = '<IDEArchive: 0x7fd18204cfb0>', distributionMethod='<IDEDistributionMethodiOSAppStoreExport: 0x7fd17e773e60>', team='<IDEProvisioningBasicTeam 0x7fd17e48e930: teamID: 6AHQ7PSJXF, teamName: JCR Labz>'>
	<IDEDistributionContext: 0x7fd17f62f580; archive = '<IDEArchive: 0x7fd18204cfb0>', distributionMethod='<IDEDistributionMethodiOSAppStoreExport: 0x7fd17e773e60>', team='<IDEProvisioningBasicTeam 0x7fd17e48e930: teamID: 6AHQ7PSJXF, teamName: JCR Labz>'>
	<IDEDistributionContext: 0x7fd1809c4580; archive = '<IDEArchive: 0x7fd18204cfb0>', distributionMethod='<IDEDistributionMethodiOSAppStoreExport: 0x7fd17e773e60>', team='<IDEProvisioningBasicTeam 0x7fd17e48e930: teamID: 6AHQ7PSJXF, teamName: JCR Labz>'>
	<IDEDistributionContext: 0x7fd1819fb200; archive = '<IDEArchive: 0x7fd18204cfb0>', distributionMethod='<IDEDistributionMethodiOSAppStoreExport: 0x7fd17e773e60>', team='<IDEProvisioningBasicTeam 0x7fd17e48e930: teamID: 6AHQ7PSJXF, teamName: JCR Labz>'>
	<IDEDistributionContext: 0x7fd1818dd680; archive = '<IDEArchive: 0x7fd18204cfb0>', distributionMethod='<IDEDistributionMethodiOSAppStoreExport: 0x7fd17e773e60>', team='<IDEProvisioningBasicTeam 0x7fd17e48e930: teamID: 6AHQ7PSJXF, teamName: JCR Labz>'>
	<IDEDistributionContext: 0x7fd181c757f0; archive = '<IDEArchive: 0x7fd18204cfb0>', distributionMethod='<IDEDistributionMethodiOSAppStoreExport: 0x7fd17e773e60>', team='<IDEProvisioningBasicTeam 0x7fd17e48e930: teamID: 6AHQ7PSJXF, teamName: JCR Labz>'>
	<IDEDistributionContext: 0x7fd182cf1fa0; archive = '<IDEArchive: 0x7fd18204cfb0>', distributionMethod='<IDEDistributionMethodiOSAppStoreExport: 0x7fd17e773e60>', team='<IDEProvisioningBasicTeam 0x7fd17e48e930: teamID: 6AHQ7PSJXF, teamName: JCR Labz>'>
	<IDEDistributionContext: 0x7fd182c535d0; archive = '<IDEArchive: 0x7fd18204cfb0>', distributionMethod='<IDEDistributionMethodiOSAppStoreExport: 0x7fd17e773e60>', team='(null)'>
	<IDEDistributionContext: 0x7fd1815c6820; archive = '<IDEArchive: 0x7fd18204cfb0>', distributionMethod='(null)', team='(null)'>
</IDEDistributionProcessingPipelineContext: 0x7fd181d16d80>
2017-11-14 11:44:16 +0000  Processing step: IDEDistributionCreateDestRootStep
2017-11-14 11:44:16 +0000  Processing step: IDEDistributionCopyItemStep
2017-11-14 11:44:16 +0000  Running /usr/bin/ditto '-V' '/Users/ramaseshanr/Library/Developer/Xcode/Archives/2017-11-14/CMyNotesImport 11-14-17, 5.10 PM.xcarchive/Products/Applications/CMyNotes.app' '/var/folders/rn/260qbn3n4pb812dlx_pf_rt40000gn/T/XcodeDistPipeline.vDx/Root/Payload/CMyNotes.app'
2017-11-14 11:44:16 +0000  >>> Copying /Users/ramaseshanr/Library/Developer/Xcode/Archives/2017-11-14/CMyNotesImport 11-14-17, 5.10 PM.xcarchive/Products/Applications/CMyNotes.app 
2017-11-14 11:44:16 +0000  copying file ./_CodeSignature/CodeResources ... 
2017-11-14 11:44:16 +0000  34237 bytes for ./_CodeSignature/CodeResources
copying file ./AppIcon29x29@2x.png ... 
2017-11-14 11:44:16 +0000  1156 bytes for ./AppIcon29x29@2x.png
copying file ./AppIcon29x29@2x~ipad.png ... 
1156 bytes for ./AppIcon29x29@2x~ipad.png
copying file ./AppIcon29x29@3x.png ... 
2526 bytes for ./AppIcon29x29@3x.png
copying file ./AppIcon29x29~ipad.png ... 
471 bytes for ./AppIcon29x29~ipad.png
copying file ./AppIcon40x40@2x.png ... 
2017-11-14 11:44:16 +0000  2230 bytes for ./AppIcon40x40@2x.png
copying file ./AppIcon40x40@2x~ipad.png ... 
2230 bytes for ./AppIcon40x40@2x~ipad.png
copying file ./AppIcon40x40@3x.png ... 
3341 bytes for ./AppIcon40x40@3x.png
copying file ./AppIcon40x40~ipad.png ... 
2017-11-14 11:44:16 +0000  762 bytes for ./AppIcon40x40~ipad.png
copying file ./AppIcon60x60@2x.png ... 
3341 bytes for ./AppIcon60x60@2x.png
copying file ./AppIcon60x60@3x.png ... 
6795 bytes for ./AppIcon60x60@3x.png
copying file ./AppIcon76x76@2x~ipad.png ... 
5060 bytes for ./AppIcon76x76@2x~ipad.png
copying file ./AppIcon76x76~ipad.png ... 
2123 bytes for ./AppIcon76x76~ipad.png
copying file ./AppIcon83.5x83.5@2x~ipad.png ... 
6110 bytes for ./AppIcon83.5x83.5@2x~ipad.png
copying file ./AppIcon@3x.png ... 
6795 bytes for ./AppIcon@3x.png
copying file ./archived-expanded-entitlements.xcent ... 
378 bytes for ./archived-expanded-entitlements.xcent
copying file ./Assets.car ... 
2017-11-14 11:44:16 +0000  129608 bytes for ./Assets.car
copying file ./CMyNotes ... 
2017-11-14 11:44:16 +0000  4323680 bytes for ./CMyNotes
2017-11-14 11:44:16 +0000  copying file ./CMyNotesHelp.pdf ... 
455406 bytes for ./CMyNotesHelp.pdf
copying file ./ColorPalette.png ... 
967 bytes for ./ColorPalette.png
copying file ./ColorPalette@2x.png ... 
2376 bytes for ./ColorPalette@2x.png
copying file ./Default.png ... 
48628 bytes for ./Default.png
copying file ./Default1248x2208@3x.png ... 
149374 bytes for ./Default1248x2208@3x.png
copying file ./Default640x1136@2x.png ... 
49408 bytes for ./Default640x1136@2x.png
copying file ./Default640x960@2x.png ... 
43778 bytes for ./Default640x960@2x.png
copying file ./Default750x1334@2x.png ... 
64872 bytes for ./Default750x1334@2x.png
copying file ./Default@2x.png ... 
126840 bytes for ./Default@2x.png
copying file ./Default@3x.png ... 
98841 bytes for ./Default@3x.png
copying file ./embedded.mobileprovision ... 
7685 bytes for ./embedded.mobileprovision
copying file ./HilighterPen.png ... 
3102 bytes for ./HilighterPen.png
copying file ./HilighterPen@2x.png ... 
8940 bytes for ./HilighterPen@2x.png
copying file ./Icon-76.png ... 
2123 bytes for ./Icon-76.png
copying file ./Icon-76@2x.png ... 
5060 bytes for ./Icon-76@2x.png
copying file ./Icon-Small-40.png ... 
762 bytes for ./Icon-Small-40.png
copying file ./Icon-Small-40@2x.png ... 
2230 bytes for ./Icon-Small-40@2x.png
copying file ./Icon-Small-40@3x.png ... 
3341 bytes for ./Icon-Small-40@3x.png
copying file ./Icon-Small.png ... 
471 bytes for ./Icon-Small.png
copying file ./Icon-Small@2x.png ... 
1156 bytes for ./Icon-Small@2x.png
copying file ./Icon-Small@3x.png ... 
2526 bytes for ./Icon-Small@3x.png
copying file ./Info.plist ... 
3218 bytes for ./Info.plist
copying file ./iPadWithOutStatusBar768x1004.png ... 
15729 bytes for ./iPadWithOutStatusBar768x1004.png
copying file ./iPadWithOutStatusBar768x1004@2x.png ... 
40669 bytes for ./iPadWithOutStatusBar768x1004@2x.png
copying file ./iPhoneiOS56.png ... 
6162 bytes for ./iPhoneiOS56.png
copying file ./iPhoneX.png ... 
35926 bytes for ./iPhoneX.png
copying file ./LaunchImage-1100-Portrait-2436h@3x.png ... 
35963 bytes for ./LaunchImage-1100-Portrait-2436h@3x.png
copying file ./LaunchImage-568h@2x.png ... 
49408 bytes for ./LaunchImage-568h@2x.png
copying file ./LaunchImage-700-568h@2x.png ... 
49408 bytes for ./LaunchImage-700-568h@2x.png
copying file ./LaunchImage-700-Portrait@2x~ipad.png ... 
126840 bytes for ./LaunchImage-700-Portrait@2x~ipad.png
copying file ./LaunchImage-700-Portrait~ipad.png ... 
48628 bytes for ./LaunchImage-700-Portrait~ipad.png
copying file ./LaunchImage-700@2x.png ... 
43778 bytes for ./LaunchImage-700@2x.png
copying file ./LaunchImage-800-667h@2x.png ... 
64872 bytes for ./LaunchImage-800-667h@2x.png
copying file ./LaunchImage-800-Portrait-736h@3x.png ... 
149374 bytes for ./LaunchImage-800-Portrait-736h@3x.png
copying file ./LaunchImage-Portrait@2x~ipad.png ... 
126840 bytes for ./LaunchImage-Portrait@2x~ipad.png
copying file ./LaunchImage-Portrait~ipad.png ... 
48628 bytes for ./LaunchImage-Portrait~ipad.png
copying file ./LaunchImage.png ... 
6199 bytes for ./LaunchImage.png
copying file ./LaunchImage@2x.png ... 
43778 bytes for ./LaunchImage@2x.png
copying file ./Pencil.png ... 
2989 bytes for ./Pencil.png
copying file ./Pencil@2x.png ... 
7712 bytes for ./Pencil@2x.png
copying file ./PencilForTab.png ... 
3027 bytes for ./PencilForTab.png
copying file ./PencilForTab@2x.png ... 
7793 bytes for ./PencilForTab@2x.png
copying file ./PkgInfo ... 
8 bytes for ./PkgInfo
copying file ./PlugIns/CMyNotesImport.appex/_CodeSignature/CodeResources ... 
3918 bytes for ./PlugIns/CMyNotesImport.appex/_CodeSignature/CodeResources
copying file ./PlugIns/CMyNotesImport.appex/archived-expanded-entitlements.xcent ... 
408 bytes for ./PlugIns/CMyNotesImport.appex/archived-expanded-entitlements.xcent
copying file ./PlugIns/CMyNotesImport.appex/CMyNotesImport ... 
345568 bytes for ./PlugIns/CMyNotesImport.appex/CMyNotesImport
copying file ./PlugIns/CMyNotesImport.appex/embedded.mobileprovision ... 
7745 bytes for ./PlugIns/CMyNotesImport.appex/embedded.mobileprovision
copying file ./PlugIns/CMyNotesImport.appex/Info.plist ... 
11
2017-11-14 11:44:16 +0000  26 bytes for ./PlugIns/CMyNotesImport.appex/Info.plist
copying file ./PlugIns/CMyNotesImport.appex/MainInterface.storyboardc/Info.plist ... 
258 bytes for ./PlugIns/CMyNotesImport.appex/MainInterface.storyboardc/Info.plist
copying file ./PlugIns/CMyNotesImport.appex/MainInterface.storyboardc/ObA-dk-sSI-view-zMn-AG-sqS.nib ... 
3058 bytes for ./PlugIns/CMyNotesImport.appex/MainInterface.storyboardc/ObA-dk-sSI-view-zMn-AG-sqS.nib
copying file ./PlugIns/CMyNotesImport.appex/MainInterface.storyboardc/UIViewController-ObA-dk-sSI.nib ... 
995 bytes for ./PlugIns/CMyNotesImport.appex/MainInterface.storyboardc/UIViewController-ObA-dk-sSI.nib
copying file ./ShareIcon.png ... 
2206 bytes for ./ShareIcon.png
copying file ./SSO4CC/CMyNotes-Prefix.pch ... 
349 bytes for ./SSO4CC/CMyNotes-Prefix.pch
copying file ./SSO4CC.momd/SSO4CC 2.mom ... 
4198 bytes for ./SSO4CC.momd/SSO4CC 2.mom
copying file ./SSO4CC.momd/SSO4CC.mom ... 
3998 bytes for ./SSO4CC.momd/SSO4CC.mom
copying file ./SSO4CC.momd/SSO4CC.omo ... 
5472 bytes for ./SSO4CC.momd/SSO4CC.omo
copying file ./SSO4CC.momd/VersionInfo.plist ... 
350 bytes for ./SSO4CC.momd/VersionInfo.plist
copying file ./UniversalCMyNotes.storyboardc/3va-kH-byT-view-2MV-Ck-V7l.nib/objects-11.0+.nib ... 
10813 bytes for ./UniversalCMyNotes.storyboardc/3va-kH-byT-view-2MV-Ck-V7l.nib/objects-11.0+.nib
copying file ./UniversalCMyNotes.storyboardc/3va-kH-byT-view-2MV-Ck-V7l.nib/runtime.nib ... 
10342 bytes for ./UniversalCMyNotes.storyboardc/3va-kH-byT-view-2MV-Ck-V7l.nib/runtime.nib
copying file ./UniversalCMyNotes.storyboardc/CollectionViewController.nib/objects-11.0+.nib ... 
1517 bytes for ./UniversalCMyNotes.storyboardc/CollectionViewController.nib/objects-11.0+.nib
copying file ./UniversalCMyNotes.storyboardc/CollectionViewController.nib/runtime.nib ... 
1517 bytes for ./UniversalCMyNotes.storyboardc/CollectionViewController.nib/runtime.nib
copying file ./UniversalCMyNotes.storyboardc/ColorToolViewController.nib/objects-11.0+.nib ... 
1312 bytes for ./UniversalCMyNotes.storyboardc/ColorToolViewController.nib/objects-11.0+.nib
copying file ./UniversalCMyNotes.storyboardc/ColorToolViewController.nib/runtime.nib ... 
1312 bytes for ./UniversalCMyNotes.storyboardc/ColorToolViewController.nib/runtime.nib
copying file ./UniversalCMyNotes.storyboardc/DrawingController.nib/objects-11.0+.nib ... 
2017-11-14 11:44:16 +0000  1538 bytes for ./UniversalCMyNotes.storyboardc/DrawingController.nib/objects-11.0+.nib
copying file ./UniversalCMyNotes.storyboardc/DrawingController.nib/runtime.nib ... 
1538 bytes for ./UniversalCMyNotes.storyboardc/DrawingController.nib/runtime.nib
copying file ./UniversalCMyNotes.storyboardc/FontPropertiesViewController.nib/objects-11.0+.nib ... 
1488 bytes for ./UniversalCMyNotes.storyboardc/FontPropertiesViewController.nib/objects-11.0+.nib
copying file ./UniversalCMyNotes.storyboardc/FontPropertiesViewController.nib/runtime.nib ... 
1488 bytes for ./UniversalCMyNotes.storyboardc/FontPropertiesViewController.nib/runtime.nib
copying file ./UniversalCMyNotes.storyboardc/HLJ-Z7-8sh-view-f8u-3s-jjN.nib/objects-11.0+.nib ... 
8025 bytes for ./UniversalCMyNotes.storyboardc/HLJ-Z7-8sh-view-f8u-3s-jjN.nib/objects-11.0+.nib
copying file ./UniversalCMyNotes.storyboardc/HLJ-Z7-8sh-view-f8u-3s-jjN.nib/runtime.nib ... 
2017-11-14 11:44:16 +0000  7561 bytes for ./UniversalCMyNotes.storyboardc/HLJ-Z7-8sh-view-f8u-3s-jjN.nib/runtime.nib
copying file ./UniversalCMyNotes.storyboardc/Info.plist ... 
551 bytes for ./UniversalCMyNotes.storyboardc/Info.plist
copying file ./UniversalCMyNotes.storyboardc/MIS-l1-YJX-view-F80-fR-NxL.nib/objects-11.0+.nib ... 
2642 bytes for ./UniversalCMyNotes.storyboardc/MIS-l1-YJX-view-F80-fR-NxL.nib/objects-11.0+.nib
copying file ./UniversalCMyNotes.storyboardc/MIS-l1-YJX-view-F80-fR-NxL.nib/runtime.nib ... 
2642 bytes for ./UniversalCMyNotes.storyboardc/MIS-l1-YJX-view-F80-fR-NxL.nib/runtime.nib
2017-11-14 11:44:16 +0000  copying file ./UniversalCMyNotes.storyboardc/NavigationController.nib/objects-11.0+.nib ... 
2543 bytes for ./UniversalCMyNotes.storyboardc/NavigationController.nib/objects-11.0+.nib
copying file ./UniversalCMyNotes.storyboardc/NavigationController.nib/runtime.nib ... 
2543 bytes for ./UniversalCMyNotes.storyboardc/NavigationController.nib/runtime.nib
copying file ./UniversalCMyNotes.storyboardc/pcN-lu-ESz-view-LvJ-Zg-nua.nib/objects-11.0+.nib ... 
2017-11-14 11:44:16 +0000  8555 bytes for ./UniversalCMyNotes.storyboardc/pcN-lu-ESz-view-LvJ-Zg-nua.nib/objects-11.0+.nib
copying file ./UniversalCMyNotes.storyboardc/pcN-lu-ESz-view-LvJ-Zg-nua.nib/runtime.nib ... 
2017-11-14 11:44:16 +0000  8055 bytes for ./UniversalCMyNotes.storyboardc/pcN-lu-ESz-view-LvJ-Zg-nua.nib/runtime.nib
2017-11-14 11:44:16 +0000  copying file ./UniversalCMyNotes.storyboardc/RYT-15-iTE-view-aUU-1h-7y8.nib/objects-11.0+.nib ... 
2017-11-14 11:44:16 +0000  10046 bytes for ./UniversalCMyNotes.storyboardc/RYT-15-iTE-view-aUU-1h-7y8.nib/objects-11.0+.nib
copying file ./UniversalCMyNotes.storyboardc/RYT-15-iTE-view-aUU-1h-7y8.nib/runtime.nib ... 
2017-11-14 11:44:16 +0000  10040 bytes for ./UniversalCMyNotes.storyboardc/RYT-15-iTE-view-aUU-1h-7y8.nib/runtime.nib
2017-11-14 11:44:16 +0000  copying file ./UniversalCMyNotes.storyboardc/ShapePropertyTabs.nib/objects-11.0+.nib ... 
2643 bytes for ./UniversalCMyNotes.storyboardc/ShapePropertyTabs.nib/objects-11.0+.nib
copying file ./UniversalCMyNotes.storyboardc/ShapePropertyTabs.nib/runtime.nib ... 
2643 bytes for ./UniversalCMyNotes.storyboardc/ShapePropertyTabs.nib/runtime.nib
2017-11-14 11:44:16 +0000  copying file ./UniversalCMyNotes.storyboardc/ShapesViewController.nib/objects-11.0+.nib ... 
1257 bytes for ./UniversalCMyNotes.storyboardc/ShapesViewController.nib/objects-11.0+.nib
copying file ./UniversalCMyNotes.storyboardc/ShapesViewController.nib/runtime.nib ... 
2017-11-14 11:44:16 +0000  
2017-11-14 11:44:16 +0000  1257 bytes for ./UniversalCMyNotes.storyboardc/ShapesViewController.nib/runtime.nib
2017-11-14 11:44:16 +0000  /usr/bin/ditto exited with 02017-11-14 11:44:16 +0000  

2017-11-14 11:44:16 +0000  2017-11-14 11:44:16 +0000  Processing step: IDEDistributionEmbedProfileStep

2017-11-14 11:44:16 +0000  Processing step: IDEDistributionItemRemovalStep
2017-11-14 11:44:16 +0000  Processing step: IDEDistributionAppThinningPlistStep
2017-11-14 11:44:16 +0000  Skipping step: IDEDistributionAppThinningPlistStep because it said so
2017-11-14 11:44:16 +0000  Processing step: IDEDistributionCompileBitcodeStep
2017-11-14 11:44:16 +0000  Skipping step: IDEDistributionCompileBitcodeStep because it said so
2017-11-14 11:44:16 +0000  Processing step: IDEDistributionCodeSlimmingStep
2017-11-14 11:44:16 +0000  Processing step: IDEDistributionCopyBCSymbolMapsStep
2017-11-14 11:44:17 +0000  Running /usr/bin/ditto '-V' '/Users/ramaseshanr/Library/Developer/Xcode/Archives/2017-11-14/CMyNotesImport 11-14-17, 5.10 PM.xcarchive/BCSymbolMaps/2F0F14DD-F400-31F8-860A-99D15E604ACF.bcsymbolmap' '/var/folders/rn/260qbn3n4pb812dlx_pf_rt40000gn/T/XcodeDistPipeline.vDx/Root/BCSymbolMaps/2F0F14DD-F400-31F8-860A-99D15E604ACF.bcsymbolmap'
2017-11-14 11:44:17 +0000  >>> Copying /Users/ramaseshanr/Library/Developer/Xcode/Archives/2017-11-14/CMyNotesImport 11-14-17, 5.10 PM.xcarchive/BCSymbolMaps/2F0F14DD-F400-31F8-860A-99D15E604ACF.bcsymbolmap 
2017-11-14 11:44:17 +0000  copying file ./2F0F14DD-F400-31F8-860A-99D15E604ACF.bcsymbolmap ... 
2017-11-14 11:44:17 +0000  3844 bytes for ./2F0F14DD-F400-31F8-860A-99D15E604ACF.bcsymbolmap
2017-11-14 11:44:17 +0000  2017-11-14 11:44:17 +0000  /usr/bin/ditto exited with 0
2017-11-14 11:44:17 +0000  

2017-11-14 11:44:17 +0000  
2017-11-14 11:44:17 +0000  Running /usr/bin/ditto '-V' '/Users/ramaseshanr/Library/Developer/Xcode/Archives/2017-11-14/CMyNotesImport 11-14-17, 5.10 PM.xcarchive/BCSymbolMaps/802AD1EA-65A6-381A-8C83-3C29726EBFCF.bcsymbolmap' '/var/folders/rn/260qbn3n4pb812dlx_pf_rt40000gn/T/XcodeDistPipeline.vDx/Root/BCSymbolMaps/802AD1EA-65A6-381A-8C83-3C29726EBFCF.bcsymbolmap'
2017-11-14 11:44:17 +0000  >>> Copying /Users/ramaseshanr/Library/Developer/Xcode/Archives/2017-11-14/CMyNotesImport 11-14-17, 5.10 PM.xcarchive/BCSymbolMaps/802AD1EA-65A6-381A-8C83-3C29726EBFCF.bcsymbolmap 
2017-11-14 11:44:17 +0000  copying file ./802AD1EA-65A6-381A-8C83-3C29726EBFCF.bcsymbolmap ... 
2017-11-14 11:44:17 +0000  3659 bytes for ./802AD1EA-65A6-381A-8C83-3C29726EBFCF.bcsymbolmap
2017-11-14 11:44:17 +0000  2017-11-14 11:44:17 +0000  /usr/bin/ditto exited with 0

2017-11-14 11:44:17 +0000  2017-11-14 11:44:17 +0000  

2017-11-14 11:44:17 +0000  Running /usr/bin/ditto '-V' '/Users/ramaseshanr/Library/Developer/Xcode/Archives/2017-11-14/CMyNotesImport 11-14-17, 5.10 PM.xcarchive/BCSymbolMaps/CF6C567D-D2B1-3877-90C5-1CB028A69EC9.bcsymbolmap' '/var/folders/rn/260qbn3n4pb812dlx_pf_rt40000gn/T/XcodeDistPipeline.vDx/Root/BCSymbolMaps/CF6C567D-D2B1-3877-90C5-1CB028A69EC9.bcsymbolmap'
2017-11-14 11:44:17 +0000  >>> Copying /Users/ramaseshanr/Library/Developer/Xcode/Archives/2017-11-14/CMyNotesImport 11-14-17, 5.10 PM.xcarchive/BCSymbolMaps/CF6C567D-D2B1-3877-90C5-1CB028A69EC9.bcsymbolmap 
2017-11-14 11:44:17 +0000  copying file ./CF6C567D-D2B1-3877-90C5-1CB028A69EC9.bcsymbolmap ... 
2017-11-14 11:44:17 +0000  83228 bytes for ./CF6C567D-D2B1-3877-90C5-1CB028A69EC9.bcsymbolmap
2017-11-14 11:44:17 +0000  
2017-11-14 11:44:17 +0000  /usr/bin/ditto exited with 0
2017-11-14 11:44:17 +0000  
2017-11-14 11:44:17 +0000  2017-11-14 11:44:17 +0000  Running /usr/bin/ditto '-V' '/Users/ramaseshanr/Library/Developer/Xcode/Archives/2017-11-14/CMyNotesImport 11-14-17, 5.10 PM.xcarchive/BCSymbolMaps/4F4DF06D-ABEA-3040-BC9D-9FD89E04173C.bcsymbolmap' '/var/folders/rn/260qbn3n4pb812dlx_pf_rt40000gn/T/XcodeDistPipeline.vDx/Root/BCSymbolMaps/4F4DF06D-ABEA-3040-BC9D-9FD89E04173C.bcsymbolmap'

2017-11-14 11:44:17 +0000  >>> Copying /Users/ramaseshanr/Library/Developer/Xcode/Archives/2017-11-14/CMyNotesImport 11-14-17, 5.10 PM.xcarchive/BCSymbolMaps/4F4DF06D-ABEA-3040-BC9D-9FD89E04173C.bcsymbolmap 
2017-11-14 11:44:17 +0000  copying file ./4F4DF06D-ABEA-3040-BC9D-9FD89E04173C.bcsymbolmap ... 
2017-11-14 11:44:17 +0000  83056 bytes for ./4F4DF06D-ABEA-3040-BC9D-9FD89E04173C.bcsymbolmap
2017-11-14 11:44:17 +0000  2017-11-14 11:44:17 +0000  /usr/bin/ditto exited with 0

2017-11-14 11:44:17 +0000  
2017-11-14 11:44:17 +0000  Processing step: IDEDistributionSymbolsStep
2017-11-14 11:44:17 +0000  Excluding symbols for CMyNotesImport.appex
2017-11-14 11:44:17 +0000  Excluding symbols for CMyNotes.app
2017-11-14 11:44:17 +0000  Processing step: IDEDistributionCopyAppleProvidedContentStep
2017-11-14 11:44:17 +0000  Processing step: IDEDistributionAppThinningStep
2017-11-14 11:44:17 +0000  Skipping step: IDEDistributionAppThinningStep because it said so
2017-11-14 11:44:17 +0000  Processing step: IDEDistributionODRStep
2017-11-14 11:44:17 +0000  Processing step: IDEDistributionStripXattrsStep
2017-11-14 11:44:17 +0000  Skipping stripping extended attributes of item: <IDEDistributionItem: 0x7fd181963b40 'com.jcrlabz.CMyNotes.CMyNotesImport' '<DVTFilePath:0x7fd181206bf0:'/Users/ramaseshanr/Library/Developer/Xcode/Archives/2017-11-14/CMyNotesImport 11-14-17, 5.10 PM.xcarchive/Products/Applications/CMyNotes.app/PlugIns/CMyNotesImport.appex'>'>
2017-11-14 11:44:17 +0000  Running /usr/bin/xattr '-crs' '/var/folders/rn/260qbn3n4pb812dlx_pf_rt40000gn/T/XcodeDistPipeline.vDx/Root/Payload/CMyNotes.app'
2017-11-14 11:44:19 +0000  
2017-11-14 11:44:19 +0000  
2017-11-14 11:44:19 +0000  /usr/bin/xattr exited with 0
2017-11-14 11:44:19 +0000  2017-11-14 11:44:19 +0000  

2017-11-14 11:44:19 +0000  Processing step: IDEDistributionCodesignStep
2017-11-14 11:44:19 +0000  Applying entitlements delta for <IDEDistributionItem: 0x7fd181963b40 'com.jcrlabz.CMyNotes.CMyNotesImport' '<DVTFilePath:0x7fd181206bf0:'/Users/ramaseshanr/Library/Developer/Xcode/Archives/2017-11-14/CMyNotesImport 11-14-17, 5.10 PM.xcarchive/Products/Applications/CMyNotes.app/PlugIns/CMyNotesImport.appex'>'> from <IDEiCloudEntitlementsProcessor: 0x7fd18151b3e0>: {
}
2017-11-14 11:44:19 +0000  Entitlements for <IDEDistributionItem: 0x7fd181963b40 'com.jcrlabz.CMyNotes.CMyNotesImport' '<DVTFilePath:0x7fd181206bf0:'/Users/ramaseshanr/Library/Developer/Xcode/Archives/2017-11-14/CMyNotesImport 11-14-17, 5.10 PM.xcarchive/Products/Applications/CMyNotes.app/PlugIns/CMyNotesImport.appex'>'>: {
    "application-identifier" = "6AHQ7PSJXF.com.jcrlabz.CMyNotes.CMyNotesImport";
    "beta-reports-active" = 1;
    "com.apple.developer.team-identifier" = 6AHQ7PSJXF;
    "get-task-allow" = 0;
    "keychain-access-groups" =     (
        "6AHQ7PSJXF.com.jcrlabz.CMyNotes.CMyNotesImport"
    );
}
2017-11-14 11:44:19 +0000  Writing entitlements for <IDEDistributionItem: 0x7fd181963b40 'com.jcrlabz.CMyNotes.CMyNotesImport' '<DVTFilePath:0x7fd181206bf0:'/Users/ramaseshanr/Library/Developer/Xcode/Archives/2017-11-14/CMyNotesImport 11-14-17, 5.10 PM.xcarchive/Products/Applications/CMyNotes.app/PlugIns/CMyNotesImport.appex'>'> to: /var/folders/rn/260qbn3n4pb812dlx_pf_rt40000gn/T/XcodeDistPipeline.vDx/entitlements4iKYzZ
2017-11-14 11:44:19 +0000  Running /usr/bin/codesign '-vvv' '--force' '--sign' 'CFC6794189BBA012E679E97CB6294BD52B64DA0D' '--preserve-metadata=identifier,flags' '--entitlements' '/var/folders/rn/260qbn3n4pb812dlx_pf_rt40000gn/T/XcodeDistPipeline.vDx/entitlements4iKYzZ' '/var/folders/rn/260qbn3n4pb812dlx_pf_rt40000gn/T/XcodeDistPipeline.vDx/Root/Payload/CMyNotes.app/PlugIns/CMyNotesImport.appex'
2017-11-14 11:44:19 +0000  /var/folders/rn/260qbn3n4pb812dlx_pf_rt40000gn/T/XcodeDistPipeline.vDx/Root/Payload/CMyNotes.app/PlugIns/CMyNotesImport.appex: signed bundle with Mach-O universal (armv7 arm64) [com.jcrlabz.CMyNotes.CMyNotesImport]
2017-11-14 11:44:19 +0000  
2017-11-14 11:44:19 +0000  
2017-11-14 11:44:19 +0000  2017-11-14 11:44:19 +0000  

2017-11-14 11:44:19 +0000  /usr/bin/codesign exited with 02017-11-14 11:44:19 +0000  
2017-11-14 11:44:19 +0000  

2017-11-14 11:44:19 +0000  
2017-11-14 11:44:19 +0000  Applying entitlements delta for <IDEDistributionItem: 0x7fd18127ebd0 'com.jcrlabz.CMyNotes' '<DVTFilePath:0x7fd182ca0900:'/Users/ramaseshanr/Library/Developer/Xcode/Archives/2017-11-14/CMyNotesImport 11-14-17, 5.10 PM.xcarchive/Products/Applications/CMyNotes.app'>'> from <IDEiCloudEntitlementsProcessor: 0x7fd17e106e30>: {
}
2017-11-14 11:44:19 +0000  Entitlements for <IDEDistributionItem: 0x7fd18127ebd0 'com.jcrlabz.CMyNotes' '<DVTFilePath:0x7fd182ca0900:'/Users/ramaseshanr/Library/Developer/Xcode/Archives/2017-11-14/CMyNotesImport 11-14-17, 5.10 PM.xcarchive/Products/Applications/CMyNotes.app'>'>: {
    "application-identifier" = "6AHQ7PSJXF.com.jcrlabz.CMyNotes";
    "beta-reports-active" = 1;
    "com.apple.developer.team-identifier" = 6AHQ7PSJXF;
    "get-task-allow" = 0;
    "keychain-access-groups" =     (
        "6AHQ7PSJXF.com.jcrlabz.CMyNotes"
    );
}
2017-11-14 11:44:19 +0000  Writing entitlements for <IDEDistributionItem: 0x7fd18127ebd0 'com.jcrlabz.CMyNotes' '<DVTFilePath:0x7fd182ca0900:'/Users/ramaseshanr/Library/Developer/Xcode/Archives/2017-11-14/CMyNotesImport 11-14-17, 5.10 PM.xcarchive/Products/Applications/CMyNotes.app'>'> to: /var/folders/rn/260qbn3n4pb812dlx_pf_rt40000gn/T/XcodeDistPipeline.vDx/entitlementsVtYf6J
2017-11-14 11:44:19 +0000  Running /usr/bin/codesign '-vvv' '--force' '--sign' 'CFC6794189BBA012E679E97CB6294BD52B64DA0D' '--preserve-metadata=identifier,flags' '--entitlements' '/var/folders/rn/260qbn3n4pb812dlx_pf_rt40000gn/T/XcodeDistPipeline.vDx/entitlementsVtYf6J' '/var/folders/rn/260qbn3n4pb812dlx_pf_rt40000gn/T/XcodeDistPipeline.vDx/Root/Payload/CMyNotes.app'
2017-11-14 11:44:19 +0000  /var/folders/rn/260qbn3n4pb812dlx_pf_rt40000gn/T/XcodeDistPipeline.vDx/Root/Payload/CMyNotes.app: signed app bundle with Mach-O universal (armv7 arm64) [com.jcrlabz.CMyNotes]
2017-11-14 11:44:19 +0000  
2017-11-14 11:44:19 +0000  
2017-11-14 11:44:19 +0000  
2017-11-14 11:44:19 +0000  
2017-11-14 11:44:19 +0000  
2017-11-14 11:44:19 +0000  /usr/bin/codesign exited with 0
2017-11-14 11:44:19 +0000  2017-11-14 11:44:19 +0000  

2017-11-14 11:44:19 +0000  Processing step: IDEDistributionStreamingZipItemStep
2017-11-14 11:44:19 +0000  Skipping step: IDEDistributionStreamingZipItemStep because it said so
2017-11-14 11:44:19 +0000  Skipping step: IDEDistributionStreamingZipItemStep because it said so
2017-11-14 11:44:19 +0000  Processing step: IDEDistributionCreateIPAStep
2017-11-14 11:44:19 +0000  Running /usr/bin/ditto '-V' '-c' '-k' '--norsrc' '/var/folders/rn/260qbn3n4pb812dlx_pf_rt40000gn/T/XcodeDistPipeline.vDx/Root' '/var/folders/rn/260qbn3n4pb812dlx_pf_rt40000gn/T/XcodeDistPipeline.vDx/Packages/CMyNotesImport.ipa'
2017-11-14 11:44:19 +0000  >>> Copying /var/folders/rn/260qbn3n4pb812dlx_pf_rt40000gn/T/XcodeDistPipeline.vDx/Root 
2017-11-14 11:44:19 +0000  copying file ./BCSymbolMaps/2F0F14DD-F400-31F8-860A-99D15E604ACF.bcsymbolmap ... 
2017-11-14 11:44:19 +0000  3844 bytes for ./BCSymbolMaps/2F0F14DD-F400-31F8-860A-99D15E604ACF.bcsymbolmap
copying file ./BCSymbolMaps/4F4DF06D-ABEA-3040-BC9D-9FD89E04173C.bcsymbolmap ... 
2017-11-14 11:44:19 +0000  83056 bytes for ./BCSymbolMaps/4F4DF06D-ABEA-3040-BC9D-9FD89E04173C.bcsymbolmap
copying file ./BCSymbolMaps/802AD1EA-65A6-381A-8C83-3C29726EBFCF.bcsymbolmap ... 
2017-11-14 11:44:19 +0000  3659 bytes for ./BCSymbolMaps/802AD1EA-65A6-381A-8C83-3C29726EBFCF.bcsymbolmap
copying file ./BCSymbolMaps/CF6C567D-D2B1-3877-90C5-1CB028A69EC9.bcsymbolmap ... 
2017-11-14 11:44:19 +0000  83228 bytes for ./BCSymbolMaps/CF6C567D-D2B1-3877-90C5-1CB028A69EC9.bcsymbolmap
2017-11-14 11:44:19 +0000  copying file ./Payload/CMyNotes.app/_CodeSignature/CodeResources ... 
2017-11-14 11:44:19 +0000  34237 bytes for ./Payload/CMyNotes.app/_CodeSignature/CodeResources
copying file ./Payload/CMyNotes.app/AppIcon29x29@2x.png ... 
2017-11-14 11:44:19 +0000  1156 bytes for ./Payload/CMyNotes.app/AppIcon29x29@2x.png
copying file ./Payload/CMyNotes.app/AppIcon29x29@2x~ipad.png ... 
2017-11-14 11:44:19 +0000  1156 bytes for ./Payload/CMyNotes.app/AppIcon29x29@2x~ipad.png
copying file ./Payload/CMyNotes.app/AppIcon29x29@3x.png ... 
2017-11-14 11:44:19 +0000  2526 bytes for ./Payload/CMyNotes.app/AppIcon29x29@3x.png
copying file ./Payload/CMyNotes.app/AppIcon29x29~ipad.png ... 
2017-11-14 11:44:19 +0000  471 bytes for ./Payload/CMyNotes.app/AppIcon29x29~ipad.png
copying file ./Payload/CMyNotes.app/AppIcon40x40@2x.png ... 
2017-11-14 11:44:19 +0000  2230 bytes for ./Payload/CMyNotes.app/AppIcon40x40@2x.png
copying file ./Payload/CMyNotes.app/AppIcon40x40@2x~ipad.png ... 
2230 bytes for ./Payload/CMyNotes.app/AppIcon40x40@2x~ipad.png
copying file ./Payload/CMyNotes.app/AppIcon40x40@3x.png ... 
2017-11-14 11:44:19 +0000  3341 bytes for ./Payload/CMyNotes.app/AppIcon40x40@3x.png
2017-11-14 11:44:19 +0000  copying file ./Payload/CMyNotes.app/AppIcon40x40~ipad.png ... 
762 bytes for ./Payload/CMyNotes.app/AppIcon40x40~ipad.png
copying file ./Payload/CMyNotes.app/AppIcon60x60@2x.png ... 
2017-11-14 11:44:19 +0000  3341 bytes for ./Payload/CMyNotes.app/AppIcon60x60@2x.png
copying file ./Payload/CMyNotes.app/AppIcon60x60@3x.png ... 
2017-11-14 11:44:19 +0000  6795 bytes for ./Payload/CMyNotes.app/AppIcon60x60@3x.png
copying file ./Payload/CMyNotes.app/AppIcon76x76@2x~ipad.png ... 
2017-11-14 11:44:19 +0000  5060 bytes for ./Payload/CMyNotes.app/AppIcon76x76@2x~ipad.png
copying file ./Payload/CMyNotes.app/AppIcon76x76~ipad.png ... 
2123 bytes for ./Payload/CMyNotes.app/AppIcon76x76~ipad.png
copying file ./Payload/CMyNotes.app/AppIcon83.5x83.5@2x~ipad.png ... 
2017-11-14 11:44:19 +0000  6110 bytes for ./Payload/CMyNotes.app/AppIcon83.5x83.5@2x~ipad.png
copying file ./Payload/CMyNotes.app/AppIcon@3x.png ... 
2017-11-14 11:44:19 +0000  6795 bytes for ./Payload/CMyNotes.app/AppIcon@3x.png
copying file ./Payload/CMyNotes.app/archived-expanded-entitlements.xcent ... 
378 bytes for ./Payload/CMyNotes.app/archived-expanded-entitlements.xcent
copying file ./Payload/CMyNotes.app/Assets.car ... 
2017-11-14 11:44:19 +0000  129608 bytes for ./Payload/CMyNotes.app/Assets.car
copying file ./Payload/CMyNotes.app/CMyNotes ... 
2017-11-14 11:44:19 +0000  3449072 bytes for ./Payload/CMyNotes.app/CMyNotes
copying file ./Payload/CMyNotes.app/CMyNotesHelp.pdf ... 
2017-11-14 11:44:19 +0000  455406 bytes for ./Payload/CMyNotes.app/CMyNotesHelp.pdf
copying file ./Payload/CMyNotes.app/ColorPalette.png ... 
2017-11-14 11:44:19 +0000  967 bytes for ./Payload/CMyNotes.app/ColorPalette.png
copying file ./Payload/CMyNotes.app/ColorPalette@2x.png ... 
2017-11-14 11:44:19 +0000  2376 bytes for ./Payload/CMyNotes.app/ColorPalette@2x.png
copying file ./Payload/CMyNotes.app/Default.png ... 
2017-11-14 11:44:19 +0000  48628 bytes for ./Payload/CMyNotes.app/Default.png
2017-11-14 11:44:19 +0000  copying file ./Payload/CMyNotes.app/Default1248x2208@3x.png ... 
2017-11-14 11:44:19 +0000  149374 bytes for ./Payload/CMyNotes.app/Default1248x2208@3x.png
copying file ./Payload/CMyNotes.app/Default640x1136@2x.png ... 
2017-11-14 11:44:19 +0000  49408 bytes for ./Payload/CMyNotes.app/Default640x1136@2x.png
copying file ./Payload/CMyNotes.app/Default640x960@2x.png ... 
2017-11-14 11:44:19 +0000  43778 bytes for ./Payload/CMyNotes.app/Default640x960@2x.png
copying file ./Payload/CMyNotes.app/Default750x1334@2x.png ... 
2017-11-14 11:44:19 +0000  64872 bytes for ./Payload/CMyNotes.app/Default750x1334@2x.png
copying file ./Payload/CMyNotes.app/Default@2x.png ... 
2017-11-14 11:44:19 +0000  126840 bytes for ./Payload/CMyNotes.app/Default@2x.png
copying file ./Payload/CMyNotes.app/Default@3x.png ... 
2017-11-14 11:44:19 +0000  98841 bytes for ./Payload/CMyNotes.app/Default@3x.png
copying file ./Payload/CMyNotes.app/embedded.mobileprovision ... 
2017-11-14 11:44:19 +0000  7549 bytes for ./Payload/CMyNotes.app/embedded.mobileprovision
2017-11-14 11:44:19 +0000  copying file ./Payload/CMyNotes.app/HilighterPen.png ... 
3102 bytes for ./Payload/CMyNotes.app/HilighterPen.png
copying file ./Payload/CMyNotes.app/HilighterPen@2x.png ... 
2017-11-14 11:44:19 +0000  8940 bytes for ./Payload/CMyNotes.app/HilighterPen@2x.png
2017-11-14 11:44:19 +0000  copying file ./Payload/CMyNotes.app/Icon-76.png ... 
2123 bytes for ./Payload/CMyNotes.app/Icon-76.png
copying file ./Payload/CMyNotes.app/Icon-76@2x.png ... 
2017-11-14 11:44:19 +0000  5060 bytes for ./Payload/CMyNotes.app/Icon-76@2x.png
copying file ./Payload/CMyNotes.app/Icon-Small-40.png ... 
2017-11-14 11:44:19 +0000  762 bytes for ./Payload/CMyNotes.app/Icon-Small-40.png
copying file ./Payload/CMyNotes.app/Icon-Small-40@2x.png ... 
2230 bytes for ./Payload/CMyNotes.app/Icon-Small-40@2x.png
copying file ./Payload/CMyNotes.app/Icon-Small-40@3x.png ... 
2017-11-14 11:44:19 +0000  3341 bytes for ./Payload/CMyNotes.app/Icon-Small-40@3x.png
copying file ./Payload/CMyNotes.app/Icon-Small.png ... 
471 bytes for ./Payload/CMyNotes.app/Icon-Small.png
2017-11-14 11:44:19 +0000  copying file ./Payload/CMyNotes.app/Icon-Small@2x.png ... 
1156 bytes for ./Payload/CMyNotes.app/Icon-Small@2x.png
copying file ./Payload/CMyNotes.app/Icon-Small@3x.png ... 
2017-11-14 11:44:19 +0000  2526 bytes for ./Payload/CMyNotes.app/Icon-Small@3x.png
copying file ./Payload/CMyNotes.app/Info.plist ... 
3218 bytes for ./Payload/CMyNotes.app/Info.plist
copying file ./Payload/CMyNotes.app/iPadWithOutStatusBar768x1004.png ... 
15729 bytes for ./Payload/CMyNotes.app/iPadWithOutStatusBar768x1004.png
copying file ./Payload/CMyNotes.app/iPadWithOutStatusBar768x1004@2x.png ... 
2017-11-14 11:44:19 +0000  40669 bytes for ./Payload/CMyNotes.app/iPadWithOutStatusBar768x1004@2x.png
copying file ./Payload/CMyNotes.app/iPhoneiOS56.png ... 
2017-11-14 11:44:19 +0000  6162 bytes for ./Payload/CMyNotes.app/iPhoneiOS56.png
copying file ./Payload/CMyNotes.app/iPhoneX.png ... 
2017-11-14 11:44:19 +0000  35926 bytes for ./Payload/CMyNotes.app/iPhoneX.png
2017-11-14 11:44:19 +0000  copying file ./Payload/CMyNotes.app/LaunchImage-1100-Portrait-2436h@3x.png ... 
2017-11-14 11:44:19 +0000  35963 bytes for ./Payload/CMyNotes.app/LaunchImage-1100-Portrait-2436h@3x.png
copying file ./Payload/CMyNotes.app/LaunchImage-568h@2x.png ... 
2017-11-14 11:44:19 +0000  49408 bytes for ./Payload/CMyNotes.app/LaunchImage-568h@2x.png
copying file ./Payload/CMyNotes.app/LaunchImage-700-568h@2x.png ... 
2017-11-14 11:44:19 +0000  49408 bytes for ./Payload/CMyNotes.app/LaunchImage-700-568h@2x.png
copying file ./Payload/CMyNotes.app/LaunchImage-700-Portrait@2x~ipad.png ... 
2017-11-14 11:44:19 +0000  126840 bytes for ./Payload/CMyNotes.app/LaunchImage-700-Portrait@2x~ipad.png
copying file ./Payload/CMyNotes.app/LaunchImage-700-Portrait~ipad.png ... 
2017-11-14 11:44:19 +0000  48628 bytes for ./Payload/CMyNotes.app/LaunchImage-700-Portrait~ipad.png
copying file ./Payload/CMyNotes.app/LaunchImage-700@2x.png ... 
2017-11-14 11:44:19 +0000  43778 bytes for ./Payload/CMyNotes.app/LaunchImage-700@2x.png
copying file ./Payload/CMyNotes.app/LaunchImage-800-667h@2x.png ... 
2017-11-14 11:44:19 +0000  64872 bytes for ./Payload/CMyNotes.app/LaunchImage-800-667h@2x.png
copying file ./Payload/CMyNotes.app/LaunchImage-800-Portrait-736h@3x.png ... 
2017-11-14 11:44:19 +0000  149374 bytes for ./Payload/CMyNotes.app/LaunchImage-800-Portrait-736h@3x.png
copying file ./Payload/CMyNotes.app/LaunchImage-Portrait@2x~ipad.png ... 
2017-11-14 11:44:19 +0000  126840 bytes for ./Payload/CMyNotes.app/LaunchImage-Portrait@2x~ipad.png
copying file ./Payload/CMyNotes.app/LaunchImage-Portrait~ipad.png ... 
2017-11-14 11:44:19 +0000  48628 bytes for ./Payload/CMyNotes.app/LaunchImage-Portrait~ipad.png
copying file ./Payload/CMyNotes.app/LaunchImage.png ... 
2017-11-14 11:44:19 +0000  6199 bytes for ./Payload/CMyNotes.app/LaunchImage.png
copying file ./Payload/CMyNotes.app/LaunchImage@2x.png ... 
2017-11-14 11:44:19 +0000  43778 bytes for ./Payload/CMyNotes.app/LaunchImage@2x.png
copying file ./Payload/CMyNotes.app/Pencil.png ... 
2017-11-14 11:44:19 +0000  2989 bytes for ./Payload/CMyNotes.app/Pencil.png
copying file ./Payload/CMyNotes.app/Pencil@2x.png ... 
2017-11-14 11:44:19 +0000  7712 bytes for ./Payload/CMyNotes.app/Pencil@2x.png
copying file ./Payload/CMyNotes.app/PencilForTab.png ... 
3027 bytes for ./Payload/CMyNotes.app/PencilForTab.png
copying file ./Payload/CMyNotes.app/PencilForTab@2x.png ... 
2017-11-14 11:44:19 +0000  7793 bytes for ./Payload/CMyNotes.app/PencilForTab@2x.png
copying file ./Payload/CMyNotes.app/PkgInfo ... 
8 bytes for ./Payload/CMyNotes.app/PkgInfo
copying file ./Payload/CMyNotes.app/PlugIns/CMyNotesImport.appex/_CodeSignature/CodeResources ... 
2017-11-14 11:44:19 +0000  3918 bytes for ./Payload/CMyNotes.app/PlugIns/CMyNotesImport.appex/_CodeSignature/CodeResources
copying file ./Payload/CMyNotes.app/PlugIns/CMyNotesImport.appex/archived-expanded-entitlements.xcent ... 
408 bytes for ./Payload/CMyNotes.app/PlugIns/CMyNotesImport.appex/archived-expanded-entitlements.xcent
copying file ./Payload/CMyNotes.app/PlugIns/CMyNotesImport.appex/CMyNotesImport ... 
2017-11-14 11:44:19 +0000  255936 bytes for ./Payload/CMyNotes.app/PlugIns/CMyNotesImport.appex/CMyNotesImport
copying file ./Payload/CMyNotes.app/PlugIns/CMyNotesImport.appex/embedded.mobileprovision ... 
2017-11-14 11:44:19 +0000  7609 bytes for ./Payload/CMyNotes.app/PlugIns/CMyNotesImport.appex/embedded.mobileprovision
copying file ./Payload/CMyNotes.app/PlugIns/CMyNotesImport.appex/Info.plist ... 
2017-11-14 11:44:19 +0000  1126 bytes for ./Payload/CMyNotes.app/PlugIns/CMyNotesImport.appex/Info.plist
copying file ./Payload/CMyNotes.app/PlugIns/CMyNotesImport.appex/MainInterface.storyboardc/Info.plist ... 
258 bytes for ./Payload/CMyNotes.app/PlugIns/CMyNotesImport.appex/MainInterface.storyboardc/Info.plist
copying file ./Payload/CMyNotes.app/PlugIns/CMyNotesImport.appex/MainInterface.storyboardc/ObA-dk-sSI-view-zMn-AG-sqS.nib ... 
2017-11-14 11:44:19 +0000  3058 bytes for ./Payload/CMyNotes.app/PlugIns/CMyNotesImport.appex/MainInterface.storyboardc/ObA-dk-sSI-view-zMn-AG-sqS.nib
copying file ./Payload/CMyNotes.app/PlugIns/CMyNotesImport.appex/MainInterface.storyboardc/UIViewController-ObA-dk-sSI.nib ... 
2017-11-14 11:44:19 +0000  995 bytes for ./Payload/CMyNotes.app/PlugIns/CMyNotesImport.appex/MainInterface.storyboardc/UIViewController-ObA-dk-sSI.nib
copying file ./Payload/CMyNotes.app/ShareIcon.png ... 
2017-11-14 11:44:19 +0000  2206 bytes for ./Payload/CMyNotes.app/ShareIcon.png
copying file ./Payload/CMyNotes.app/SSO4CC/CMyNotes-Prefix.pch ... 
349 bytes for ./Payload/CMyNotes.app/SSO4CC/CMyNotes-Prefix.pch
2017-11-14 11:44:19 +0000  copying file ./Payload/CMyNotes.app/SSO4CC.momd/SSO4CC 2.mom ... 
4198 bytes for ./Payload/CMyNotes.app/SSO4CC.momd/SSO4CC 2.mom
copying file ./Payload/CMyNotes.app/SSO4CC.momd/SSO4CC.mom ... 
2017-11-14 11:44:19 +0000  3998 bytes for ./Payload/CMyNotes.app/SSO4CC.momd/SSO4CC.mom
2017-11-14 11:44:19 +0000  copying file ./Payload/CMyNotes.app/SSO4CC.momd/SSO4CC.omo ... 
2017-11-14 11:44:19 +0000  5472 bytes for ./Payload/CMyNotes.app/SSO4CC.momd/SSO4CC.omo
copying file ./Payload/CMyNotes.app/SSO4CC.momd/VersionInfo.plist ... 
350 bytes for ./Payload/CMyNotes.app/SSO4CC.momd/VersionInfo.plist
2017-11-14 11:44:19 +0000  copying file ./Payload/CMyNotes.app/UniversalCMyNotes.storyboardc/3va-kH-byT-view-2MV-Ck-V7l.nib/objects-11.0+.nib ... 
2017-11-14 11:44:19 +0000  10813 bytes for ./Payload/CMyNotes.app/UniversalCMyNotes.storyboardc/3va-kH-byT-view-2MV-Ck-V7l.nib/objects-11.0+.nib
2017-11-14 11:44:19 +0000  copying file ./Payload/CMyNotes.app/UniversalCMyNotes.storyboardc/3va-kH-byT-view-2MV-Ck-V7l.nib/runtime.nib ... 
2017-11-14 11:44:19 +0000  10342 bytes for ./Payload/CMyNotes.app/UniversalCMyNotes.storyboardc/3va-kH-byT-view-2MV-Ck-V7l.nib/runtime.nib
2017-11-14 11:44:19 +0000  copying file ./Payload/CMyNotes.app/UniversalCMyNotes.storyboardc/CollectionViewController.nib/objects-11.0+.nib ... 
2017-11-14 11:44:19 +0000  1517 bytes for ./Payload/CMyNotes.app/UniversalCMyNotes.storyboardc/CollectionViewController.nib/objects-11.0+.nib
copying file ./Payload/CMyNotes.app/UniversalCMyNotes.storyboardc/CollectionViewController.nib/runtime.nib ... 
1517 bytes for ./Payload/CMyNotes.app/UniversalCMyNotes.storyboardc/CollectionViewController.nib/runtime.nib
2017-11-14 11:44:19 +0000  copying file ./Payload/CMyNotes.app/UniversalCMyNotes.storyboardc/ColorToolViewController.nib/objects-11.0+.nib ... 
1312 bytes for ./Payload/CMyNotes.app/UniversalCMyNotes.storyboardc/ColorToolViewController.nib/objects-11.0+.nib
copying file ./Payload/CMyNotes.app/UniversalCMyNotes.storyboardc/ColorToolViewController.nib/runtime.nib ... 
1312 bytes for ./Payload/CMyNotes.app/UniversalCMyNotes.storyboardc/ColorToolViewController.nib/runtime.nib
copying file ./Payload/CMyNotes.app/UniversalCMyNotes.storyboardc/DrawingController.nib/objects-11.0+.nib ... 
1538 bytes for ./Payload/CMyNotes.app/UniversalCMyNotes.storyboardc/DrawingController.nib/objects-11.0+.nib
copying file ./Payload/CMyNotes.app/UniversalCMyNotes.storyboardc/DrawingController.nib/runtime.nib ... 
2017-11-14 11:44:19 +0000  1538 bytes for ./Payload/CMyNotes.app/UniversalCMyNotes.storyboardc/DrawingController.nib/runtime.nib
copying file ./Payload/CMyNotes.app/UniversalCMyNotes.storyboardc/FontPropertiesViewController.nib/objects-11.0+.nib ... 
1488 bytes for ./Payload/CMyNotes.app/UniversalCMyNotes.storyboardc/FontPropertiesViewController.nib/objects-11.0+.nib
copying file ./Payload/CMyNotes.app/UniversalCMyNotes.storyboardc/FontPropertiesViewController.nib/runtime.nib ... 
1488 bytes for ./Payload/CMyNotes.app/UniversalCMyNotes.storyboardc/FontPropertiesViewController.nib/runtime.nib
copying file ./Payload/CMyNotes.app/UniversalCMyNotes.storyboardc/HLJ-Z7-8sh-view-f8u-3s-jjN.nib/objects-11.0+.nib ... 
2017-11-14 11:44:19 +0000  8025 bytes for ./Payload/CMyNotes.app/UniversalCMyNotes.storyboardc/HLJ-Z7-8sh-view-f8u-3s-jjN.nib/objects-11.0+.nib
copying file ./Payload/CMyNotes.app/UniversalCMyNotes.storyboardc/HLJ-Z7-8sh-view-f8u-3s-jjN.nib/runtime.nib ... 
2017-11-14 11:44:19 +0000  7561 bytes for ./Payload/CMyNotes.app/UniversalCMyNotes.storyboardc/HLJ-Z7-8sh-view-f8u-3s-jjN.nib/runtime.nib
2017-11-14 11:44:19 +0000  copying file ./Payload/CMyNotes.app/UniversalCMyNotes.storyboardc/Info.plist ... 
551 bytes for ./Payload/CMyNotes.app/UniversalCMyNotes.storyboardc/Info.plist
copying file ./Payload/CMyNotes.app/UniversalCMyNotes.storyboardc/MIS-l1-YJX-view-F80-fR-NxL.nib/objects-11.0+.nib ... 
2017-11-14 11:44:19 +0000  2642 bytes for ./Payload/CMyNotes.app/UniversalCMyNotes.storyboardc/MIS-l1-YJX-view-F80-fR-NxL.nib/objects-11.0+.nib
copying file ./Payload/CMyNotes.app/UniversalCMyNotes.storyboardc/MIS-l1-YJX-view-F80-fR-NxL.nib/runtime.nib ... 
2017-11-14 11:44:19 +0000  2642 bytes for ./Payload/CMyNotes.app/UniversalCMyNotes.storyboardc/MIS-l1-YJX-view-F80-fR-NxL.nib/runtime.nib
copying file ./Payload/CMyNotes.app/UniversalCMyNotes.storyboardc/NavigationController.nib/objects-11.0+.nib ... 
2017-11-14 11:44:19 +0000  2543 bytes for ./Payload/CMyNotes.app/UniversalCMyNotes.storyboardc/NavigationController.nib/objects-11.0+.nib
copying file ./Payload/CMyNotes.app/UniversalCMyNotes.storyboardc/NavigationController.nib/runtime.nib ... 
2543 bytes for ./Payload/CMyNotes.app/UniversalCMyNotes.storyboardc/NavigationController.nib/runtime.nib
copying file ./Payload/CMyNotes.app/UniversalCMyNotes.storyboardc/pcN-lu-ESz-view-LvJ-Zg-nua.nib/objects-11.0+.nib ... 
2017-11-14 11:44:19 +0000  8555 bytes for ./Payload/CMyNotes.app/UniversalCMyNotes.storyboardc/pcN-lu-ESz-view-LvJ-Zg-nua.nib/objects-11.0+.nib
2017-11-14 11:44:19 +0000  copying file ./Payload/CMyNotes.app/UniversalCMyNotes.storyboardc/pcN-lu-ESz-view-LvJ-Zg-nua.nib/runtime.nib ... 
2017-11-14 11:44:19 +0000  8055 bytes for ./Payload/CMyNotes.app/UniversalCMyNotes.storyboardc/pcN-lu-ESz-view-LvJ-Zg-nua.nib/runtime.nib
copying file ./Payload/CMyNotes.app/UniversalCMyNotes.storyboardc/RYT-15-iTE-view-aUU-1h-7y8.nib/objects-11.0+.nib ... 
2017-11-14 11:44:19 +0000  10046 bytes for ./Payload/CMyNotes.app/UniversalCMyNotes.storyboardc/RYT-15-iTE-view-aUU-1h-7y8.nib/objects-11.0+.nib
2017-11-14 11:44:19 +0000  copying file ./Payload/CMyNotes.app/UniversalCMyNotes.storyboardc/RYT-15-iTE-view-aUU-1h-7y8.nib/runtime.nib ... 
2017-11-14 11:44:19 +0000  10040 bytes for ./Payload/CMyNotes.app/UniversalCMyNotes.storyboardc/RYT-15-iTE-view-aUU-1h-7y8.nib/runtime.nib
2017-11-14 11:44:19 +0000  copying file ./Payload/CMyNotes.app/UniversalCMyNotes.storyboardc/ShapePropertyTabs.nib/objects-11.0+.nib ... 
2643 bytes for ./Payload/CMyNotes.app/UniversalCMyNotes.storyboardc/ShapePropertyTabs.nib/objects-11.0+.nib
copying file ./Payload/CMyNotes.app/UniversalCMyNotes.storyboardc/ShapePropertyTabs.nib/runtime.nib ... 
2017-11-14 11:44:19 +0000  2643 bytes for ./Payload/CMyNotes.app/UniversalCMyNotes.storyboardc/ShapePropertyTabs.nib/runtime.nib
copying file ./Payload/CMyNotes.app/UniversalCMyNotes.storyboardc/ShapesViewController.nib/objects-11.0+.nib ... 
2017-11-14 11:44:19 +0000  1257 bytes for ./Payload/CMyNotes.app/UniversalCMyNotes.storyboardc/ShapesViewController.nib/objects-11.0+.nib
copying file ./Payload/CMyNotes.app/UniversalCMyNotes.storyboardc/ShapesViewController.nib/runtime.nib ... 
1257 bytes for ./Payload/CMyNotes.app/UniversalCMyNotes.storyboardc/ShapesViewController.nib/runtime.nib
2017-11-14 11:44:19 +0000  
2017-11-14 11:44:19 +0000  2017-11-14 11:44:19 +0000  /usr/bin/ditto exited with 0

2017-11-14 11:44:20 +0000  
2017-11-14 11:44:20 +0000  Processing step: IDEDistributionCreateManifestStep
2017-11-14 11:44:20 +0000  Skipping step: IDEDistributionCreateManifestStep because it said so
